{"src/index.js":{"path":"src/index.js","s":{"1":1,"2":1,"3":1,"4":1,"5":1,"6":1,"7":1,"8":1,"9":1,"10":1,"11":1},"b":{"1":[1,0]},"f":{"1":1},"fnMap":{"1":{"name":"(anonymous_1)","line":3,"loc":{"start":{"line":3,"column":17},"end":{"line":3,"column":35}}}},"statementMap":{"1":{"start":{"line":1,"column":0},"end":{"line":1,"column":33}},"2":{"start":{"line":3,"column":0},"end":{"line":16,"column":2}},"3":{"start":{"line":5,"column":1},"end":{"line":13,"column":2}},"4":{"start":{"line":6,"column":2},"end":{"line":6,"column":41}},"5":{"start":{"line":7,"column":2},"end":{"line":7,"column":43}},"6":{"start":{"line":8,"column":2},"end":{"line":8,"column":43}},"7":{"start":{"line":9,"column":2},"end":{"line":9,"column":46}},"8":{"start":{"line":10,"column":2},"end":{"line":10,"column":48}},"9":{"start":{"line":11,"column":2},"end":{"line":11,"column":38}},"10":{"start":{"line":12,"column":2},"end":{"line":12,"column":40}},"11":{"start":{"line":15,"column":1},"end":{"line":15,"column":15}}},"branchMap":{"1":{"line":5,"type":"if","locations":[{"start":{"line":5,"column":1},"end":{"line":5,"column":1}},{"start":{"line":5,"column":1},"end":{"line":5,"column":1}}]}}},"src/Router.js":{"path":"src/Router.js","s":{"1":1,"2":1,"3":1,"4":1,"5":1,"6":1,"7":1,"8":13,"9":13,"10":13,"11":13,"12":13,"13":0,"14":13,"15":13,"16":0,"17":13,"18":13,"19":1,"20":13,"21":13,"22":13,"23":60,"24":26,"25":34,"26":13,"27":21,"28":13,"29":13,"30":13,"31":13,"32":13,"33":13,"34":21,"35":21,"36":0,"37":1,"38":13,"39":13,"40":12,"41":1,"42":1,"43":33,"44":1,"45":13,"46":1,"47":13,"48":1,"49":1,"50":1,"51":1,"52":13,"53":1},"b":{"1":[1,0],"2":[0,13],"3":[0,13],"4":[26,34],"5":[60,47],"6":[13,21],"7":[13,8],"8":[13,0],"9":[21,0],"10":[12,1],"11":[1,12]},"f":{"1":1,"2":13,"3":13,"4":13,"5":13,"6":60,"7":13,"8":33,"9":13,"10":13,"11":1},"fnMap":{"1":{"name":"(anonymous_1)","line":6,"loc":{"start":{"line":6,"column":13},"end":{"line":6,"column":30}}},"2":{"name":"(anonymous_2)","line":12,"loc":{"start":{"line":12,"column":26},"end":{"line":12,"column":50}}},"3":{"name":"(anonymous_3)","line":17,"loc":{"start":{"line":17,"column":23},"end":{"line":17,"column":41}}},"4":{"name":"(anonymous_4)","line":21,"loc":{"start":{"line":21,"column":29},"end":{"line":21,"column":55}}},"5":{"name":"(anonymous_5)","line":31,"loc":{"start":{"line":31,"column":31},"end":{"line":31,"column":54}}},"6":{"name":"(anonymous_6)","line":34,"loc":{"start":{"line":34,"column":31},"end":{"line":34,"column":60}}},"7":{"name":"(anonymous_7)","line":61,"loc":{"start":{"line":61,"column":33},"end":{"line":61,"column":61}}},"8":{"name":"(anonymous_8)","line":71,"loc":{"start":{"line":71,"column":30},"end":{"line":71,"column":43}}},"9":{"name":"(anonymous_9)","line":79,"loc":{"start":{"line":79,"column":28},"end":{"line":79,"column":52}}},"10":{"name":"(anonymous_10)","line":83,"loc":{"start":{"line":83,"column":45},"end":{"line":83,"column":55}}},"11":{"name":"(anonymous_11)","line":87,"loc":{"start":{"line":87,"column":36},"end":{"line":87,"column":51}}}},"statementMap":{"1":{"start":{"line":1,"column":0},"end":{"line":1,"column":29}},"2":{"start":{"line":2,"column":0},"end":{"line":2,"column":30}},"3":{"start":{"line":3,"column":1},"end":{"line":3,"column":38}},"4":{"start":{"line":4,"column":1},"end":{"line":4,"column":26}},"5":{"start":{"line":6,"column":0},"end":{"line":10,"column":2}},"6":{"start":{"line":7,"column":1},"end":{"line":9,"column":4}},"7":{"start":{"line":12,"column":0},"end":{"line":29,"column":2}},"8":{"start":{"line":13,"column":1},"end":{"line":13,"column":21}},"9":{"start":{"line":14,"column":1},"end":{"line":14,"column":21}},"10":{"start":{"line":16,"column":1},"end":{"line":16,"column":15}},"11":{"start":{"line":17,"column":1},"end":{"line":28,"column":4}},"12":{"start":{"line":18,"column":2},"end":{"line":20,"column":3}},"13":{"start":{"line":19,"column":3},"end":{"line":19,"column":20}},"14":{"start":{"line":21,"column":2},"end":{"line":27,"column":5}},"15":{"start":{"line":22,"column":3},"end":{"line":24,"column":4}},"16":{"start":{"line":23,"column":4},"end":{"line":23,"column":21}},"17":{"start":{"line":25,"column":3},"end":{"line":25,"column":26}},"18":{"start":{"line":26,"column":3},"end":{"line":26,"column":10}},"19":{"start":{"line":31,"column":0},"end":{"line":59,"column":2}},"20":{"start":{"line":32,"column":1},"end":{"line":32,"column":43}},"21":{"start":{"line":33,"column":1},"end":{"line":33,"column":15}},"22":{"start":{"line":34,"column":1},"end":{"line":58,"column":14}},"23":{"start":{"line":35,"column":2},"end":{"line":37,"column":3}},"24":{"start":{"line":36,"column":3},"end":{"line":36,"column":31}},"25":{"start":{"line":39,"column":2},"end":{"line":41,"column":3}},"26":{"start":{"line":40,"column":3},"end":{"line":40,"column":44}},"27":{"start":{"line":42,"column":2},"end":{"line":50,"column":3}},"28":{"start":{"line":43,"column":3},"end":{"line":43,"column":27}},"29":{"start":{"line":44,"column":3},"end":{"line":44,"column":31}},"30":{"start":{"line":45,"column":3},"end":{"line":47,"column":4}},"31":{"start":{"line":46,"column":4},"end":{"line":46,"column":15}},"32":{"start":{"line":48,"column":3},"end":{"line":48,"column":17}},"33":{"start":{"line":49,"column":3},"end":{"line":49,"column":21}},"34":{"start":{"line":52,"column":2},"end":{"line":57,"column":3}},"35":{"start":{"line":53,"column":3},"end":{"line":53,"column":54}},"36":{"start":{"line":56,"column":3},"end":{"line":56,"column":23}},"37":{"start":{"line":61,"column":0},"end":{"line":69,"column":2}},"38":{"start":{"line":62,"column":1},"end":{"line":62,"column":88}},"39":{"start":{"line":63,"column":1},"end":{"line":68,"column":2}},"40":{"start":{"line":64,"column":2},"end":{"line":64,"column":59}},"41":{"start":{"line":67,"column":2},"end":{"line":67,"column":22}},"42":{"start":{"line":71,"column":0},"end":{"line":77,"column":2}},"43":{"start":{"line":72,"column":1},"end":{"line":77,"column":0}},"44":{"start":{"line":79,"column":0},"end":{"line":81,"column":2}},"45":{"start":{"line":80,"column":1},"end":{"line":80,"column":57}},"46":{"start":{"line":83,"column":0},"end":{"line":92,"column":2}},"47":{"start":{"line":84,"column":1},"end":{"line":90,"column":2}},"48":{"start":{"line":85,"column":2},"end":{"line":85,"column":36}},"49":{"start":{"line":86,"column":2},"end":{"line":86,"column":16}},"50":{"start":{"line":87,"column":2},"end":{"line":89,"column":5}},"51":{"start":{"line":88,"column":3},"end":{"line":88,"column":61}},"52":{"start":{"line":91,"column":1},"end":{"line":91,"column":37}},"53":{"start":{"line":94,"column":0},"end":{"line":94,"column":24}}},"branchMap":{"1":{"line":7,"type":"binary-expr","locations":[{"start":{"line":7,"column":27},"end":{"line":7,"column":34}},{"start":{"line":7,"column":36},"end":{"line":7,"column":38}}]},"2":{"line":18,"type":"if","locations":[{"start":{"line":18,"column":2},"end":{"line":18,"column":2}},{"start":{"line":18,"column":2},"end":{"line":18,"column":2}}]},"3":{"line":22,"type":"if","locations":[{"start":{"line":22,"column":3},"end":{"line":22,"column":3}},{"start":{"line":22,"column":3},"end":{"line":22,"column":3}}]},"4":{"line":35,"type":"if","locations":[{"start":{"line":35,"column":2},"end":{"line":35,"column":2}},{"start":{"line":35,"column":2},"end":{"line":35,"column":2}}]},"5":{"line":35,"type":"binary-expr","locations":[{"start":{"line":35,"column":5},"end":{"line":35,"column":10}},{"start":{"line":35,"column":14},"end":{"line":35,"column":43}}]},"6":{"line":39,"type":"if","locations":[{"start":{"line":39,"column":2},"end":{"line":39,"column":2}},{"start":{"line":39,"column":2},"end":{"line":39,"column":2}}]},"7":{"line":42,"type":"if","locations":[{"start":{"line":42,"column":2},"end":{"line":42,"column":2}},{"start":{"line":42,"column":2},"end":{"line":42,"column":2}}]},"8":{"line":45,"type":"if","locations":[{"start":{"line":45,"column":3},"end":{"line":45,"column":3}},{"start":{"line":45,"column":3},"end":{"line":45,"column":3}}]},"9":{"line":52,"type":"if","locations":[{"start":{"line":52,"column":2},"end":{"line":52,"column":2}},{"start":{"line":52,"column":2},"end":{"line":52,"column":2}}]},"10":{"line":63,"type":"if","locations":[{"start":{"line":63,"column":1},"end":{"line":63,"column":1}},{"start":{"line":63,"column":1},"end":{"line":63,"column":1}}]},"11":{"line":84,"type":"if","locations":[{"start":{"line":84,"column":1},"end":{"line":84,"column":1}},{"start":{"line":84,"column":1},"end":{"line":84,"column":1}}]}}},"src/Document-follow.js":{"path":"src/Document-follow.js","s":{"1":1,"2":1,"3":1,"4":1,"5":1,"6":7,"7":7,"8":0,"9":7,"10":7,"11":1,"12":6,"13":6,"14":1,"15":5,"16":1,"17":1,"18":1,"19":0,"20":1,"21":4,"22":4,"23":0,"24":4},"b":{"1":[0,7],"2":[1,6],"3":[1,5],"4":[1,4],"5":[5,5],"6":[0,1],"7":[0,4]},"f":{"1":1,"2":7,"3":1},"fnMap":{"1":{"name":"(anonymous_1)","line":5,"loc":{"start":{"line":5,"column":17},"end":{"line":5,"column":35}}},"2":{"name":"(anonymous_2)","line":6,"loc":{"start":{"line":6,"column":42},"end":{"line":6,"column":75}}},"3":{"name":"(anonymous_3)","line":24,"loc":{"start":{"line":24,"column":32},"end":{"line":24,"column":45}}}},"statementMap":{"1":{"start":{"line":1,"column":0},"end":{"line":1,"column":30}},"2":{"start":{"line":2,"column":1},"end":{"line":2,"column":38}},"3":{"start":{"line":3,"column":1},"end":{"line":3,"column":26}},"4":{"start":{"line":5,"column":0},"end":{"line":41,"column":2}},"5":{"start":{"line":6,"column":1},"end":{"line":40,"column":3}},"6":{"start":{"line":7,"column":2},"end":{"line":7,"column":65}},"7":{"start":{"line":8,"column":2},"end":{"line":10,"column":3}},"8":{"start":{"line":9,"column":3},"end":{"line":9,"column":59}},"9":{"start":{"line":12,"column":2},"end":{"line":12,"column":51}},"10":{"start":{"line":13,"column":2},"end":{"line":15,"column":3}},"11":{"start":{"line":14,"column":3},"end":{"line":14,"column":52}},"12":{"start":{"line":17,"column":2},"end":{"line":17,"column":41}},"13":{"start":{"line":18,"column":2},"end":{"line":20,"column":3}},"14":{"start":{"line":19,"column":3},"end":{"line":19,"column":49}},"15":{"start":{"line":22,"column":2},"end":{"line":39,"column":3}},"16":{"start":{"line":23,"column":3},"end":{"line":23,"column":17}},"17":{"start":{"line":24,"column":3},"end":{"line":29,"column":6}},"18":{"start":{"line":25,"column":4},"end":{"line":27,"column":5}},"19":{"start":{"line":26,"column":5},"end":{"line":26,"column":26}},"20":{"start":{"line":28,"column":4},"end":{"line":28,"column":42}},"21":{"start":{"line":32,"column":3},"end":{"line":32,"column":37}},"22":{"start":{"line":33,"column":3},"end":{"line":38,"column":4}},"23":{"start":{"line":34,"column":4},"end":{"line":34,"column":37}},"24":{"start":{"line":37,"column":4},"end":{"line":37,"column":44}}},"branchMap":{"1":{"line":8,"type":"if","locations":[{"start":{"line":8,"column":2},"end":{"line":8,"column":2}},{"start":{"line":8,"column":2},"end":{"line":8,"column":2}}]},"2":{"line":13,"type":"if","locations":[{"start":{"line":13,"column":2},"end":{"line":13,"column":2}},{"start":{"line":13,"column":2},"end":{"line":13,"column":2}}]},"3":{"line":18,"type":"if","locations":[{"start":{"line":18,"column":2},"end":{"line":18,"column":2}},{"start":{"line":18,"column":2},"end":{"line":18,"column":2}}]},"4":{"line":22,"type":"if","locations":[{"start":{"line":22,"column":2},"end":{"line":22,"column":2}},{"start":{"line":22,"column":2},"end":{"line":22,"column":2}}]},"5":{"line":22,"type":"binary-expr","locations":[{"start":{"line":22,"column":5},"end":{"line":22,"column":36}},{"start":{"line":22,"column":40},"end":{"line":22,"column":95}}]},"6":{"line":25,"type":"if","locations":[{"start":{"line":25,"column":4},"end":{"line":25,"column":4}},{"start":{"line":25,"column":4},"end":{"line":25,"column":4}}]},"7":{"line":33,"type":"if","locations":[{"start":{"line":33,"column":3},"end":{"line":33,"column":3}},{"start":{"line":33,"column":3},"end":{"line":33,"column":3}}]}}},"src/Document-checkout.js":{"path":"src/Document-checkout.js","s":{"1":1,"2":1,"3":1,"4":1,"5":1,"6":1,"7":5,"8":1,"9":2,"10":0,"11":2,"12":2,"13":2,"14":5,"15":5,"16":0,"17":5,"18":5,"19":1,"20":1,"21":1,"22":1,"23":0,"24":1,"25":1,"26":0,"27":1,"28":1},"b":{"1":[0,2],"2":[2,2,2],"3":[0,5],"4":[0,1]},"f":{"1":1,"2":5,"3":2,"4":5,"5":1,"6":1,"7":0,"8":1},"fnMap":{"1":{"name":"(anonymous_1)","line":6,"loc":{"start":{"line":6,"column":17},"end":{"line":6,"column":35}}},"2":{"name":"(anonymous_2)","line":7,"loc":{"start":{"line":7,"column":50},"end":{"line":7,"column":77}}},"3":{"name":"(anonymous_3)","line":11,"loc":{"start":{"line":11,"column":51},"end":{"line":11,"column":78}}},"4":{"name":"(anonymous_4)","line":19,"loc":{"start":{"line":19,"column":2},"end":{"line":19,"column":25}}},"5":{"name":"(anonymous_5)","line":31,"loc":{"start":{"line":31,"column":50},"end":{"line":31,"column":77}}},"6":{"name":"(anonymous_6)","line":33,"loc":{"start":{"line":33,"column":36},"end":{"line":33,"column":49}}},"7":{"name":"(anonymous_7)","line":41,"loc":{"start":{"line":41,"column":51},"end":{"line":41,"column":78}}},"8":{"name":"(anonymous_8)","line":45,"loc":{"start":{"line":45,"column":53},"end":{"line":45,"column":80}}}},"statementMap":{"1":{"start":{"line":1,"column":0},"end":{"line":1,"column":30}},"2":{"start":{"line":2,"column":1},"end":{"line":2,"column":38}},"3":{"start":{"line":3,"column":1},"end":{"line":3,"column":26}},"4":{"start":{"line":4,"column":0},"end":{"line":4,"column":29}},"5":{"start":{"line":6,"column":0},"end":{"line":48,"column":2}},"6":{"start":{"line":7,"column":1},"end":{"line":9,"column":3}},"7":{"start":{"line":8,"column":2},"end":{"line":8,"column":23}},"8":{"start":{"line":11,"column":1},"end":{"line":29,"column":3}},"9":{"start":{"line":12,"column":2},"end":{"line":14,"column":3}},"10":{"start":{"line":13,"column":3},"end":{"line":13,"column":53}},"11":{"start":{"line":16,"column":2},"end":{"line":16,"column":30}},"12":{"start":{"line":17,"column":2},"end":{"line":17,"column":16}},"13":{"start":{"line":18,"column":2},"end":{"line":28,"column":15}},"14":{"start":{"line":20,"column":3},"end":{"line":20,"column":51}},"15":{"start":{"line":21,"column":3},"end":{"line":27,"column":4}},"16":{"start":{"line":22,"column":4},"end":{"line":22,"column":55}},"17":{"start":{"line":25,"column":4},"end":{"line":25,"column":27}},"18":{"start":{"line":26,"column":4},"end":{"line":26,"column":15}},"19":{"start":{"line":31,"column":1},"end":{"line":39,"column":3}},"20":{"start":{"line":32,"column":2},"end":{"line":32,"column":16}},"21":{"start":{"line":33,"column":2},"end":{"line":38,"column":5}},"22":{"start":{"line":34,"column":3},"end":{"line":36,"column":4}},"23":{"start":{"line":35,"column":4},"end":{"line":35,"column":25}},"24":{"start":{"line":37,"column":3},"end":{"line":37,"column":21}},"25":{"start":{"line":41,"column":1},"end":{"line":43,"column":3}},"26":{"start":{"line":42,"column":2},"end":{"line":42,"column":23}},"27":{"start":{"line":45,"column":1},"end":{"line":47,"column":3}},"28":{"start":{"line":46,"column":2},"end":{"line":46,"column":24}}},"branchMap":{"1":{"line":12,"type":"if","locations":[{"start":{"line":12,"column":2},"end":{"line":12,"column":2}},{"start":{"line":12,"column":2},"end":{"line":12,"column":2}}]},"2":{"line":12,"type":"binary-expr","locations":[{"start":{"line":12,"column":5},"end":{"line":12,"column":13}},{"start":{"line":12,"column":17},"end":{"line":12,"column":29}},{"start":{"line":12,"column":33},"end":{"line":12,"column":50}}]},"3":{"line":21,"type":"if","locations":[{"start":{"line":21,"column":3},"end":{"line":21,"column":3}},{"start":{"line":21,"column":3},"end":{"line":21,"column":3}}]},"4":{"line":34,"type":"if","locations":[{"start":{"line":34,"column":3},"end":{"line":34,"column":3}},{"start":{"line":34,"column":3},"end":{"line":34,"column":3}}]}}},"src/Embedded-checkout.js":{"path":"src/Embedded-checkout.js","s":{"1":1,"2":1,"3":1,"4":1,"5":1,"6":0,"7":1,"8":1,"9":0,"10":1,"11":1,"12":1,"13":1,"14":1,"15":1,"16":0,"17":1,"18":1,"19":1,"20":1,"21":1,"22":0,"23":1,"24":1,"25":0,"26":1},"b":{"1":[0,1],"2":[0,1],"3":[0,1],"4":[0,1],"5":[0,1]},"f":{"1":1,"2":1,"3":1,"4":1,"5":1,"6":1,"7":1,"8":1,"9":1},"fnMap":{"1":{"name":"(anonymous_1)","line":1,"loc":{"start":{"line":1,"column":17},"end":{"line":1,"column":35}}},"2":{"name":"(anonymous_2)","line":2,"loc":{"start":{"line":2,"column":56},"end":{"line":2,"column":83}}},"3":{"name":"(anonymous_3)","line":4,"loc":{"start":{"line":4,"column":36},"end":{"line":4,"column":49}}},"4":{"name":"(anonymous_4)","line":8,"loc":{"start":{"line":8,"column":20},"end":{"line":8,"column":33}}},"5":{"name":"(anonymous_5)","line":17,"loc":{"start":{"line":17,"column":67},"end":{"line":17,"column":107}}},"6":{"name":"(anonymous_6)","line":20,"loc":{"start":{"line":20,"column":21},"end":{"line":20,"column":39}}},"7":{"name":"(anonymous_7)","line":28,"loc":{"start":{"line":28,"column":59},"end":{"line":28,"column":86}}},"8":{"name":"(anonymous_8)","line":30,"loc":{"start":{"line":30,"column":14},"end":{"line":30,"column":27}}},"9":{"name":"(anonymous_9)","line":34,"loc":{"start":{"line":34,"column":20},"end":{"line":34,"column":33}}}},"statementMap":{"1":{"start":{"line":1,"column":0},"end":{"line":42,"column":2}},"2":{"start":{"line":2,"column":1},"end":{"line":15,"column":3}},"3":{"start":{"line":3,"column":2},"end":{"line":3,"column":16}},"4":{"start":{"line":4,"column":2},"end":{"line":14,"column":5}},"5":{"start":{"line":5,"column":3},"end":{"line":7,"column":4}},"6":{"start":{"line":6,"column":4},"end":{"line":6,"column":25}},"7":{"start":{"line":8,"column":3},"end":{"line":13,"column":6}},"8":{"start":{"line":9,"column":4},"end":{"line":11,"column":5}},"9":{"start":{"line":10,"column":5},"end":{"line":10,"column":26}},"10":{"start":{"line":12,"column":4},"end":{"line":12,"column":23}},"11":{"start":{"line":17,"column":1},"end":{"line":26,"column":3}},"12":{"start":{"line":18,"column":2},"end":{"line":18,"column":25}},"13":{"start":{"line":19,"column":2},"end":{"line":19,"column":16}},"14":{"start":{"line":20,"column":2},"end":{"line":25,"column":5}},"15":{"start":{"line":21,"column":3},"end":{"line":23,"column":4}},"16":{"start":{"line":22,"column":4},"end":{"line":22,"column":25}},"17":{"start":{"line":24,"column":3},"end":{"line":24,"column":22}},"18":{"start":{"line":28,"column":1},"end":{"line":41,"column":3}},"19":{"start":{"line":29,"column":2},"end":{"line":29,"column":16}},"20":{"start":{"line":30,"column":2},"end":{"line":40,"column":5}},"21":{"start":{"line":31,"column":3},"end":{"line":33,"column":4}},"22":{"start":{"line":32,"column":4},"end":{"line":32,"column":25}},"23":{"start":{"line":34,"column":3},"end":{"line":39,"column":6}},"24":{"start":{"line":35,"column":4},"end":{"line":37,"column":5}},"25":{"start":{"line":36,"column":5},"end":{"line":36,"column":26}},"26":{"start":{"line":38,"column":4},"end":{"line":38,"column":23}}},"branchMap":{"1":{"line":5,"type":"if","locations":[{"start":{"line":5,"column":3},"end":{"line":5,"column":3}},{"start":{"line":5,"column":3},"end":{"line":5,"column":3}}]},"2":{"line":9,"type":"if","locations":[{"start":{"line":9,"column":4},"end":{"line":9,"column":4}},{"start":{"line":9,"column":4},"end":{"line":9,"column":4}}]},"3":{"line":21,"type":"if","locations":[{"start":{"line":21,"column":3},"end":{"line":21,"column":3}},{"start":{"line":21,"column":3},"end":{"line":21,"column":3}}]},"4":{"line":31,"type":"if","locations":[{"start":{"line":31,"column":3},"end":{"line":31,"column":3}},{"start":{"line":31,"column":3},"end":{"line":31,"column":3}}]},"5":{"line":35,"type":"if","locations":[{"start":{"line":35,"column":4},"end":{"line":35,"column":4}},{"start":{"line":35,"column":4},"end":{"line":35,"column":4}}]}}},"src/DocumentArray-follow.js":{"path":"src/DocumentArray-follow.js","s":{"1":1,"2":1,"3":3,"4":3,"5":0},"b":{"1":[3,0]},"f":{"1":1,"2":3},"fnMap":{"1":{"name":"(anonymous_1)","line":1,"loc":{"start":{"line":1,"column":17},"end":{"line":1,"column":35}}},"2":{"name":"(anonymous_2)","line":2,"loc":{"start":{"line":2,"column":53},"end":{"line":2,"column":86}}}},"statementMap":{"1":{"start":{"line":1,"column":0},"end":{"line":10,"column":2}},"2":{"start":{"line":2,"column":1},"end":{"line":9,"column":3}},"3":{"start":{"line":3,"column":2},"end":{"line":8,"column":3}},"4":{"start":{"line":4,"column":3},"end":{"line":4,"column":36}},"5":{"start":{"line":7,"column":3},"end":{"line":7,"column":59}}},"branchMap":{"1":{"line":3,"type":"if","locations":[{"start":{"line":3,"column":2},"end":{"line":3,"column":2}},{"start":{"line":3,"column":2},"end":{"line":3,"column":2}}]}}},"src/DocumentArray-checkout.js":{"path":"src/DocumentArray-checkout.js","s":{"1":1,"2":1,"3":1,"4":1,"5":1,"6":1,"7":0,"8":1,"9":0,"10":1,"11":1,"12":1,"13":1,"14":0},"b":{},"f":{"1":1,"2":0,"3":0,"4":1,"5":0},"fnMap":{"1":{"name":"(anonymous_1)","line":6,"loc":{"start":{"line":6,"column":17},"end":{"line":6,"column":35}}},"2":{"name":"(anonymous_2)","line":7,"loc":{"start":{"line":7,"column":61},"end":{"line":7,"column":88}}},"3":{"name":"(anonymous_3)","line":11,"loc":{"start":{"line":11,"column":61},"end":{"line":11,"column":88}}},"4":{"name":"(anonymous_4)","line":15,"loc":{"start":{"line":15,"column":62},"end":{"line":15,"column":89}}},"5":{"name":"(anonymous_5)","line":20,"loc":{"start":{"line":20,"column":64},"end":{"line":20,"column":91}}}},"statementMap":{"1":{"start":{"line":1,"column":0},"end":{"line":1,"column":30}},"2":{"start":{"line":2,"column":1},"end":{"line":2,"column":38}},"3":{"start":{"line":3,"column":1},"end":{"line":3,"column":26}},"4":{"start":{"line":4,"column":0},"end":{"line":4,"column":29}},"5":{"start":{"line":6,"column":0},"end":{"line":23,"column":2}},"6":{"start":{"line":7,"column":1},"end":{"line":9,"column":3}},"7":{"start":{"line":8,"column":2},"end":{"line":8,"column":23}},"8":{"start":{"line":11,"column":1},"end":{"line":13,"column":3}},"9":{"start":{"line":12,"column":2},"end":{"line":12,"column":65}},"10":{"start":{"line":15,"column":1},"end":{"line":18,"column":3}},"11":{"start":{"line":16,"column":2},"end":{"line":16,"column":50}},"12":{"start":{"line":17,"column":2},"end":{"line":17,"column":69}},"13":{"start":{"line":20,"column":1},"end":{"line":22,"column":3}},"14":{"start":{"line":21,"column":2},"end":{"line":21,"column":68}}},"branchMap":{}},"src/Model-follow.js":{"path":"src/Model-follow.js","s":{"1":1,"2":1,"3":1,"4":1,"5":1,"6":11,"7":1,"8":10,"9":1,"10":10,"11":10,"12":0,"13":0,"14":0,"15":1,"16":1,"17":1,"18":0,"19":1,"20":1,"21":1,"22":0,"23":0,"24":0,"25":0},"b":{"1":[1,10],"2":[10,0],"3":[0,0],"4":[0,1],"5":[1,0],"6":[0,0]},"f":{"1":1,"2":11,"3":10,"4":1},"fnMap":{"1":{"name":"(anonymous_1)","line":5,"loc":{"start":{"line":5,"column":17},"end":{"line":5,"column":35}}},"2":{"name":"(anonymous_2)","line":6,"loc":{"start":{"line":6,"column":29},"end":{"line":6,"column":62}}},"3":{"name":"(anonymous_3)","line":15,"loc":{"start":{"line":15,"column":46},"end":{"line":15,"column":79}}},"4":{"name":"(anonymous_4)","line":27,"loc":{"start":{"line":27,"column":41},"end":{"line":27,"column":74}}}},"statementMap":{"1":{"start":{"line":1,"column":0},"end":{"line":1,"column":30}},"2":{"start":{"line":2,"column":1},"end":{"line":2,"column":38}},"3":{"start":{"line":3,"column":1},"end":{"line":3,"column":26}},"4":{"start":{"line":5,"column":0},"end":{"line":45,"column":2}},"5":{"start":{"line":6,"column":1},"end":{"line":13,"column":3}},"6":{"start":{"line":7,"column":2},"end":{"line":12,"column":3}},"7":{"start":{"line":8,"column":3},"end":{"line":8,"column":56}},"8":{"start":{"line":11,"column":3},"end":{"line":11,"column":61}},"9":{"start":{"line":15,"column":1},"end":{"line":25,"column":3}},"10":{"start":{"line":16,"column":2},"end":{"line":24,"column":3}},"11":{"start":{"line":17,"column":3},"end":{"line":17,"column":36}},"12":{"start":{"line":19,"column":7},"end":{"line":24,"column":3}},"13":{"start":{"line":20,"column":3},"end":{"line":20,"column":45}},"14":{"start":{"line":23,"column":3},"end":{"line":23,"column":59}},"15":{"start":{"line":27,"column":1},"end":{"line":44,"column":3}},"16":{"start":{"line":28,"column":2},"end":{"line":28,"column":65}},"17":{"start":{"line":29,"column":2},"end":{"line":31,"column":3}},"18":{"start":{"line":30,"column":3},"end":{"line":30,"column":59}},"19":{"start":{"line":33,"column":2},"end":{"line":33,"column":51}},"20":{"start":{"line":34,"column":2},"end":{"line":36,"column":3}},"21":{"start":{"line":35,"column":3},"end":{"line":35,"column":52}},"22":{"start":{"line":38,"column":2},"end":{"line":38,"column":41}},"23":{"start":{"line":39,"column":2},"end":{"line":41,"column":3}},"24":{"start":{"line":40,"column":3},"end":{"line":40,"column":49}},"25":{"start":{"line":43,"column":2},"end":{"line":43,"column":44}}},"branchMap":{"1":{"line":7,"type":"if","locations":[{"start":{"line":7,"column":2},"end":{"line":7,"column":2}},{"start":{"line":7,"column":2},"end":{"line":7,"column":2}}]},"2":{"line":16,"type":"if","locations":[{"start":{"line":16,"column":2},"end":{"line":16,"column":2}},{"start":{"line":16,"column":2},"end":{"line":16,"column":2}}]},"3":{"line":19,"type":"if","locations":[{"start":{"line":19,"column":7},"end":{"line":19,"column":7}},{"start":{"line":19,"column":7},"end":{"line":19,"column":7}}]},"4":{"line":29,"type":"if","locations":[{"start":{"line":29,"column":2},"end":{"line":29,"column":2}},{"start":{"line":29,"column":2},"end":{"line":29,"column":2}}]},"5":{"line":34,"type":"if","locations":[{"start":{"line":34,"column":2},"end":{"line":34,"column":2}},{"start":{"line":34,"column":2},"end":{"line":34,"column":2}}]},"6":{"line":39,"type":"if","locations":[{"start":{"line":39,"column":2},"end":{"line":39,"column":2}},{"start":{"line":39,"column":2},"end":{"line":39,"column":2}}]}}},"src/Model-checkout.js":{"path":"src/Model-checkout.js","s":{"1":1,"2":1,"3":1,"4":1,"5":1,"6":1,"7":1,"8":1,"9":1,"10":1,"11":0,"12":1,"13":1,"14":1,"15":0},"b":{},"f":{"1":1,"2":1,"3":1,"4":0,"5":1,"6":0},"fnMap":{"1":{"name":"(anonymous_1)","line":6,"loc":{"start":{"line":6,"column":17},"end":{"line":6,"column":35}}},"2":{"name":"(anonymous_2)","line":7,"loc":{"start":{"line":7,"column":26},"end":{"line":7,"column":53}}},"3":{"name":"(anonymous_3)","line":11,"loc":{"start":{"line":11,"column":37},"end":{"line":11,"column":64}}},"4":{"name":"(anonymous_4)","line":15,"loc":{"start":{"line":15,"column":37},"end":{"line":15,"column":64}}},"5":{"name":"(anonymous_5)","line":19,"loc":{"start":{"line":19,"column":38},"end":{"line":19,"column":65}}},"6":{"name":"(anonymous_6)","line":23,"loc":{"start":{"line":23,"column":40},"end":{"line":23,"column":67}}}},"statementMap":{"1":{"start":{"line":1,"column":0},"end":{"line":1,"column":30}},"2":{"start":{"line":2,"column":1},"end":{"line":2,"column":38}},"3":{"start":{"line":3,"column":1},"end":{"line":3,"column":26}},"4":{"start":{"line":4,"column":0},"end":{"line":4,"column":29}},"5":{"start":{"line":6,"column":0},"end":{"line":26,"column":2}},"6":{"start":{"line":7,"column":1},"end":{"line":9,"column":3}},"7":{"start":{"line":8,"column":2},"end":{"line":8,"column":159}},"8":{"start":{"line":11,"column":1},"end":{"line":13,"column":3}},"9":{"start":{"line":12,"column":2},"end":{"line":12,"column":34}},"10":{"start":{"line":15,"column":1},"end":{"line":17,"column":3}},"11":{"start":{"line":16,"column":2},"end":{"line":16,"column":56}},"12":{"start":{"line":19,"column":1},"end":{"line":21,"column":3}},"13":{"start":{"line":20,"column":2},"end":{"line":20,"column":42}},"14":{"start":{"line":23,"column":1},"end":{"line":25,"column":3}},"15":{"start":{"line":24,"column":2},"end":{"line":24,"column":59}}},"branchMap":{}}}