{"src/index.js":{"path":"src/index.js","s":{"1":1,"2":1,"3":1,"4":1,"5":1,"6":1,"7":1,"8":1},"b":{"1":[1,0]},"f":{"1":1},"fnMap":{"1":{"name":"(anonymous_1)","line":3,"loc":{"start":{"line":3,"column":17},"end":{"line":3,"column":35}}}},"statementMap":{"1":{"start":{"line":1,"column":0},"end":{"line":1,"column":39}},"2":{"start":{"line":3,"column":0},"end":{"line":13,"column":2}},"3":{"start":{"line":5,"column":1},"end":{"line":10,"column":2}},"4":{"start":{"line":6,"column":2},"end":{"line":6,"column":34}},"5":{"start":{"line":7,"column":2},"end":{"line":7,"column":34}},"6":{"start":{"line":8,"column":2},"end":{"line":8,"column":31}},"7":{"start":{"line":9,"column":2},"end":{"line":9,"column":39}},"8":{"start":{"line":12,"column":1},"end":{"line":12,"column":18}}},"branchMap":{"1":{"line":5,"type":"if","locations":[{"start":{"line":5,"column":1},"end":{"line":5,"column":1}},{"start":{"line":5,"column":1},"end":{"line":5,"column":1}}]}}},"src/Developer.js":{"path":"src/Developer.js","s":{"1":1,"2":1,"3":1,"4":1,"5":1,"6":1,"7":1,"8":5,"9":5,"10":5,"11":5,"12":5,"13":5,"14":5,"15":5,"16":0,"17":5,"18":5,"19":0,"20":1},"b":{"1":[1,0],"2":[5,0],"3":[5,0],"4":[5,1,0],"5":[0,5]},"f":{"1":1,"2":5,"3":5,"4":5},"fnMap":{"1":{"name":"(anonymous_1)","line":6,"loc":{"start":{"line":6,"column":16},"end":{"line":6,"column":35}}},"2":{"name":"(anonymous_2)","line":12,"loc":{"start":{"line":12,"column":30},"end":{"line":12,"column":49}}},"3":{"name":"(anonymous_3)","line":17,"loc":{"start":{"line":17,"column":8},"end":{"line":17,"column":32}}},"4":{"name":"(anonymous_4)","line":21,"loc":{"start":{"line":21,"column":66},"end":{"line":21,"column":94}}}},"statementMap":{"1":{"start":{"line":1,"column":0},"end":{"line":1,"column":29}},"2":{"start":{"line":2,"column":0},"end":{"line":2,"column":30}},"3":{"start":{"line":3,"column":1},"end":{"line":3,"column":38}},"4":{"start":{"line":4,"column":1},"end":{"line":4,"column":26}},"5":{"start":{"line":6,"column":0},"end":{"line":10,"column":2}},"6":{"start":{"line":7,"column":1},"end":{"line":9,"column":4}},"7":{"start":{"line":12,"column":0},"end":{"line":33,"column":2}},"8":{"start":{"line":13,"column":1},"end":{"line":15,"column":4}},"9":{"start":{"line":16,"column":1},"end":{"line":16,"column":15}},"10":{"start":{"line":17,"column":1},"end":{"line":33,"column":0}},"11":{"start":{"line":18,"column":2},"end":{"line":18,"column":22}},"12":{"start":{"line":19,"column":2},"end":{"line":31,"column":3}},"13":{"start":{"line":20,"column":3},"end":{"line":20,"column":70}},"14":{"start":{"line":21,"column":3},"end":{"line":27,"column":6}},"15":{"start":{"line":22,"column":4},"end":{"line":24,"column":5}},"16":{"start":{"line":23,"column":5},"end":{"line":23,"column":22}},"17":{"start":{"line":25,"column":4},"end":{"line":25,"column":29}},"18":{"start":{"line":26,"column":4},"end":{"line":26,"column":11}},"19":{"start":{"line":30,"column":3},"end":{"line":30,"column":10}},"20":{"start":{"line":35,"column":0},"end":{"line":35,"column":27}}},"branchMap":{"1":{"line":7,"type":"binary-expr","locations":[{"start":{"line":7,"column":27},"end":{"line":7,"column":34}},{"start":{"line":7,"column":36},"end":{"line":7,"column":38}}]},"2":{"line":13,"type":"binary-expr","locations":[{"start":{"line":13,"column":22},"end":{"line":13,"column":29}},{"start":{"line":13,"column":31},"end":{"line":13,"column":33}}]},"3":{"line":19,"type":"if","locations":[{"start":{"line":19,"column":2},"end":{"line":19,"column":2}},{"start":{"line":19,"column":2},"end":{"line":19,"column":2}}]},"4":{"line":20,"type":"binary-expr","locations":[{"start":{"line":20,"column":15},"end":{"line":20,"column":28}},{"start":{"line":20,"column":30},"end":{"line":20,"column":44}},{"start":{"line":20,"column":46},"end":{"line":20,"column":69}}]},"5":{"line":22,"type":"if","locations":[{"start":{"line":22,"column":4},"end":{"line":22,"column":4}},{"start":{"line":22,"column":4},"end":{"line":22,"column":4}}]}}},"src/Document.js":{"path":"src/Document.js","s":{"1":1,"2":1,"3":1,"4":1,"5":1,"6":1,"7":11,"8":11,"9":11,"10":11,"11":0,"12":11,"13":11,"14":0,"15":11,"16":11,"17":0,"18":11,"19":11,"20":0,"21":11,"22":1,"23":11,"24":11,"25":0,"26":11,"27":15,"28":15,"29":15,"30":4,"31":15,"32":28,"33":22,"34":28,"35":15,"36":11,"37":1,"38":0,"39":1,"40":11,"41":26,"42":1,"43":11,"44":1,"45":11,"46":11,"47":26,"48":26,"49":26,"50":6,"51":6,"52":6,"53":20,"54":20,"55":1,"56":11,"57":11,"58":26,"59":26,"60":26,"61":5,"62":5,"63":0,"64":5,"65":5,"66":21},"b":{"1":[0,11],"2":[0,11],"3":[0,11],"4":[0,11],"5":[0,11],"6":[15,0],"7":[15,11],"8":[15,0],"9":[22,6],"10":[6,20],"11":[5,21],"12":[26,26],"13":[0,5]},"f":{"1":1,"2":11,"3":11,"4":11,"5":11,"6":11,"7":11,"8":11,"9":15,"10":4,"11":28,"12":0,"13":11,"14":26,"15":1,"16":11,"17":26,"18":6,"19":11,"20":26,"21":5},"fnMap":{"1":{"name":"(anonymous_1)","line":7,"loc":{"start":{"line":7,"column":17},"end":{"line":7,"column":35}}},"2":{"name":"(anonymous_2)","line":9,"loc":{"start":{"line":9,"column":39},"end":{"line":9,"column":66}}},"3":{"name":"(anonymous_3)","line":13,"loc":{"start":{"line":13,"column":31},"end":{"line":13,"column":60}}},"4":{"name":"(anonymous_4)","line":18,"loc":{"start":{"line":18,"column":47},"end":{"line":18,"column":60}}},"5":{"name":"(anonymous_5)","line":23,"loc":{"start":{"line":23,"column":77},"end":{"line":23,"column":90}}},"6":{"name":"(anonymous_6)","line":28,"loc":{"start":{"line":28,"column":83},"end":{"line":28,"column":96}}},"7":{"name":"(anonymous_7)","line":40,"loc":{"start":{"line":40,"column":46},"end":{"line":40,"column":73}}},"8":{"name":"(anonymous_8)","line":41,"loc":{"start":{"line":41,"column":30},"end":{"line":41,"column":58}}},"9":{"name":"(anonymous_9)","line":48,"loc":{"start":{"line":48,"column":33},"end":{"line":48,"column":58}}},"10":{"name":"(anonymous_10)","line":51,"loc":{"start":{"line":51,"column":37},"end":{"line":51,"column":60}}},"11":{"name":"(anonymous_11)","line":54,"loc":{"start":{"line":54,"column":36},"end":{"line":54,"column":50}}},"12":{"name":"(anonymous_12)","line":67,"loc":{"start":{"line":67,"column":45},"end":{"line":67,"column":72}}},"13":{"name":"(anonymous_13)","line":71,"loc":{"start":{"line":71,"column":47},"end":{"line":71,"column":90}}},"14":{"name":"(anonymous_14)","line":72,"loc":{"start":{"line":72,"column":46},"end":{"line":72,"column":60}}},"15":{"name":"(anonymous_15)","line":74,"loc":{"start":{"line":74,"column":9},"end":{"line":74,"column":23}}},"16":{"name":"(anonymous_16)","line":80,"loc":{"start":{"line":80,"column":59},"end":{"line":80,"column":119}}},"17":{"name":"(anonymous_17)","line":82,"loc":{"start":{"line":82,"column":29},"end":{"line":82,"column":62}}},"18":{"name":"(anonymous_18)","line":86,"loc":{"start":{"line":86,"column":34},"end":{"line":86,"column":54}}},"19":{"name":"(anonymous_19)","line":98,"loc":{"start":{"line":98,"column":64},"end":{"line":98,"column":124}}},"20":{"name":"(anonymous_20)","line":100,"loc":{"start":{"line":100,"column":29},"end":{"line":100,"column":64}}},"21":{"name":"(anonymous_21)","line":104,"loc":{"start":{"line":104,"column":66},"end":{"line":104,"column":95}}}},"statementMap":{"1":{"start":{"line":1,"column":0},"end":{"line":1,"column":30}},"2":{"start":{"line":2,"column":1},"end":{"line":2,"column":38}},"3":{"start":{"line":3,"column":1},"end":{"line":3,"column":26}},"4":{"start":{"line":5,"column":0},"end":{"line":7,"column":0}},"5":{"start":{"line":7,"column":0},"end":{"line":118,"column":2}},"6":{"start":{"line":9,"column":1},"end":{"line":38,"column":3}},"7":{"start":{"line":10,"column":2},"end":{"line":10,"column":27}},"8":{"start":{"line":11,"column":2},"end":{"line":11,"column":16}},"9":{"start":{"line":13,"column":2},"end":{"line":37,"column":5}},"10":{"start":{"line":14,"column":3},"end":{"line":16,"column":4}},"11":{"start":{"line":15,"column":4},"end":{"line":15,"column":25}},"12":{"start":{"line":18,"column":3},"end":{"line":36,"column":6}},"13":{"start":{"line":19,"column":4},"end":{"line":21,"column":5}},"14":{"start":{"line":20,"column":5},"end":{"line":20,"column":26}},"15":{"start":{"line":23,"column":4},"end":{"line":35,"column":7}},"16":{"start":{"line":24,"column":5},"end":{"line":26,"column":6}},"17":{"start":{"line":25,"column":6},"end":{"line":25,"column":27}},"18":{"start":{"line":28,"column":5},"end":{"line":34,"column":8}},"19":{"start":{"line":29,"column":6},"end":{"line":31,"column":7}},"20":{"start":{"line":30,"column":7},"end":{"line":30,"column":28}},"21":{"start":{"line":33,"column":6},"end":{"line":33,"column":38}},"22":{"start":{"line":40,"column":1},"end":{"line":65,"column":3}},"23":{"start":{"line":41,"column":2},"end":{"line":64,"column":5}},"24":{"start":{"line":42,"column":3},"end":{"line":44,"column":4}},"25":{"start":{"line":43,"column":4},"end":{"line":43,"column":25}},"26":{"start":{"line":48,"column":3},"end":{"line":63,"column":3}},"27":{"start":{"line":49,"column":4},"end":{"line":49,"column":47}},"28":{"start":{"line":50,"column":4},"end":{"line":50,"column":22}},"29":{"start":{"line":51,"column":4},"end":{"line":53,"column":7}},"30":{"start":{"line":52,"column":5},"end":{"line":52,"column":75}},"31":{"start":{"line":54,"column":4},"end":{"line":59,"column":7}},"32":{"start":{"line":55,"column":5},"end":{"line":57,"column":6}},"33":{"start":{"line":56,"column":6},"end":{"line":56,"column":26}},"34":{"start":{"line":58,"column":5},"end":{"line":58,"column":32}},"35":{"start":{"line":60,"column":4},"end":{"line":60,"column":20}},"36":{"start":{"line":63,"column":3},"end":{"line":63,"column":70}},"37":{"start":{"line":67,"column":1},"end":{"line":69,"column":3}},"38":{"start":{"line":68,"column":2},"end":{"line":68,"column":21}},"39":{"start":{"line":71,"column":1},"end":{"line":78,"column":3}},"40":{"start":{"line":72,"column":2},"end":{"line":76,"column":5}},"41":{"start":{"line":73,"column":3},"end":{"line":73,"column":24}},"42":{"start":{"line":75,"column":3},"end":{"line":75,"column":20}},"43":{"start":{"line":77,"column":2},"end":{"line":77,"column":53}},"44":{"start":{"line":80,"column":1},"end":{"line":96,"column":3}},"45":{"start":{"line":81,"column":2},"end":{"line":81,"column":16}},"46":{"start":{"line":82,"column":2},"end":{"line":95,"column":15}},"47":{"start":{"line":83,"column":3},"end":{"line":83,"column":33}},"48":{"start":{"line":84,"column":3},"end":{"line":84,"column":52}},"49":{"start":{"line":85,"column":3},"end":{"line":94,"column":4}},"50":{"start":{"line":86,"column":4},"end":{"line":89,"column":7}},"51":{"start":{"line":87,"column":5},"end":{"line":87,"column":35}},"52":{"start":{"line":88,"column":5},"end":{"line":88,"column":16}},"53":{"start":{"line":92,"column":4},"end":{"line":92,"column":41}},"54":{"start":{"line":93,"column":4},"end":{"line":93,"column":15}},"55":{"start":{"line":98,"column":1},"end":{"line":116,"column":3}},"56":{"start":{"line":99,"column":2},"end":{"line":99,"column":16}},"57":{"start":{"line":100,"column":2},"end":{"line":115,"column":15}},"58":{"start":{"line":101,"column":3},"end":{"line":101,"column":33}},"59":{"start":{"line":102,"column":3},"end":{"line":102,"column":37}},"60":{"start":{"line":103,"column":3},"end":{"line":114,"column":4}},"61":{"start":{"line":104,"column":4},"end":{"line":110,"column":7}},"62":{"start":{"line":105,"column":5},"end":{"line":107,"column":6}},"63":{"start":{"line":106,"column":6},"end":{"line":106,"column":27}},"64":{"start":{"line":108,"column":5},"end":{"line":108,"column":44}},"65":{"start":{"line":109,"column":5},"end":{"line":109,"column":16}},"66":{"start":{"line":113,"column":4},"end":{"line":113,"column":15}}},"branchMap":{"1":{"line":14,"type":"if","locations":[{"start":{"line":14,"column":3},"end":{"line":14,"column":3}},{"start":{"line":14,"column":3},"end":{"line":14,"column":3}}]},"2":{"line":19,"type":"if","locations":[{"start":{"line":19,"column":4},"end":{"line":19,"column":4}},{"start":{"line":19,"column":4},"end":{"line":19,"column":4}}]},"3":{"line":24,"type":"if","locations":[{"start":{"line":24,"column":5},"end":{"line":24,"column":5}},{"start":{"line":24,"column":5},"end":{"line":24,"column":5}}]},"4":{"line":29,"type":"if","locations":[{"start":{"line":29,"column":6},"end":{"line":29,"column":6}},{"start":{"line":29,"column":6},"end":{"line":29,"column":6}}]},"5":{"line":42,"type":"if","locations":[{"start":{"line":42,"column":3},"end":{"line":42,"column":3}},{"start":{"line":42,"column":3},"end":{"line":42,"column":3}}]},"6":{"line":49,"type":"binary-expr","locations":[{"start":{"line":49,"column":22},"end":{"line":49,"column":42}},{"start":{"line":49,"column":44},"end":{"line":49,"column":46}}]},"7":{"line":51,"type":"binary-expr","locations":[{"start":{"line":51,"column":5},"end":{"line":51,"column":23}},{"start":{"line":51,"column":25},"end":{"line":51,"column":27}}]},"8":{"line":54,"type":"binary-expr","locations":[{"start":{"line":54,"column":5},"end":{"line":54,"column":22}},{"start":{"line":54,"column":24},"end":{"line":54,"column":26}}]},"9":{"line":55,"type":"if","locations":[{"start":{"line":55,"column":5},"end":{"line":55,"column":5}},{"start":{"line":55,"column":5},"end":{"line":55,"column":5}}]},"10":{"line":85,"type":"if","locations":[{"start":{"line":85,"column":3},"end":{"line":85,"column":3}},{"start":{"line":85,"column":3},"end":{"line":85,"column":3}}]},"11":{"line":103,"type":"if","locations":[{"start":{"line":103,"column":3},"end":{"line":103,"column":3}},{"start":{"line":103,"column":3},"end":{"line":103,"column":3}}]},"12":{"line":103,"type":"binary-expr","locations":[{"start":{"line":103,"column":6},"end":{"line":103,"column":11}},{"start":{"line":103,"column":15},"end":{"line":103,"column":50}}]},"13":{"line":105,"type":"if","locations":[{"start":{"line":105,"column":5},"end":{"line":105,"column":5}},{"start":{"line":105,"column":5},"end":{"line":105,"column":5}}]}}},"src/Embedded.js":{"path":"src/Embedded.js","s":{"1":1,"2":1,"3":1,"4":4,"5":4,"6":4,"7":4,"8":4,"9":4,"10":1,"11":4,"12":4},"b":{},"f":{"1":1,"2":4,"3":4,"4":4,"5":4},"fnMap":{"1":{"name":"(anonymous_1)","line":3,"loc":{"start":{"line":3,"column":17},"end":{"line":3,"column":35}}},"2":{"name":"(anonymous_2)","line":5,"loc":{"start":{"line":5,"column":46},"end":{"line":5,"column":71}}},"3":{"name":"(anonymous_3)","line":8,"loc":{"start":{"line":8,"column":34},"end":{"line":8,"column":48}}},"4":{"name":"(anonymous_4)","line":10,"loc":{"start":{"line":10,"column":9},"end":{"line":10,"column":23}}},"5":{"name":"(anonymous_5)","line":17,"loc":{"start":{"line":17,"column":47},"end":{"line":17,"column":61}}}},"statementMap":{"1":{"start":{"line":1,"column":0},"end":{"line":1,"column":30}},"2":{"start":{"line":3,"column":0},"end":{"line":23,"column":0}},"3":{"start":{"line":5,"column":1},"end":{"line":15,"column":3}},"4":{"start":{"line":6,"column":2},"end":{"line":6,"column":44}},"5":{"start":{"line":7,"column":2},"end":{"line":7,"column":16}},"6":{"start":{"line":8,"column":2},"end":{"line":12,"column":15}},"7":{"start":{"line":9,"column":3},"end":{"line":9,"column":30}},"8":{"start":{"line":11,"column":3},"end":{"line":11,"column":30}},"9":{"start":{"line":14,"column":2},"end":{"line":14,"column":42}},"10":{"start":{"line":17,"column":1},"end":{"line":20,"column":3}},"11":{"start":{"line":18,"column":2},"end":{"line":18,"column":44}},"12":{"start":{"line":19,"column":2},"end":{"line":19,"column":68}}},"branchMap":{}},"src/Array.js":{"path":"src/Array.js","s":{"1":1,"2":1,"3":1,"4":1,"5":0,"6":0,"7":0,"8":0,"9":0,"10":0,"11":0,"12":0,"13":0,"14":0,"15":0,"16":0,"17":0,"18":0,"19":0,"20":0,"21":0,"22":0,"23":1,"24":3,"25":3,"26":3,"27":4,"28":4,"29":4,"30":4,"31":3,"32":0,"33":3},"b":{"1":[0,0],"2":[0,0],"3":[0,0],"4":[0,0],"5":[0,0],"6":[0,0],"7":[4,0],"8":[0,3]},"f":{"1":1,"2":0,"3":0,"4":0,"5":0,"6":0,"7":3,"8":4,"9":4,"10":3},"fnMap":{"1":{"name":"(anonymous_1)","line":4,"loc":{"start":{"line":4,"column":17},"end":{"line":4,"column":35}}},"2":{"name":"(anonymous_2)","line":6,"loc":{"start":{"line":6,"column":27},"end":{"line":6,"column":54}}},"3":{"name":"(anonymous_3)","line":17,"loc":{"start":{"line":17,"column":31},"end":{"line":17,"column":60}}},"4":{"name":"(anonymous_4)","line":22,"loc":{"start":{"line":22,"column":54},"end":{"line":22,"column":68}}},"5":{"name":"(anonymous_5)","line":24,"loc":{"start":{"line":24,"column":11},"end":{"line":24,"column":25}}},"6":{"name":"(anonymous_6)","line":29,"loc":{"start":{"line":29,"column":57},"end":{"line":29,"column":70}}},"7":{"name":"(anonymous_7)","line":43,"loc":{"start":{"line":43,"column":31},"end":{"line":43,"column":58}}},"8":{"name":"(anonymous_8)","line":46,"loc":{"start":{"line":46,"column":27},"end":{"line":46,"column":52}}},"9":{"name":"(anonymous_9)","line":47,"loc":{"start":{"line":47,"column":30},"end":{"line":47,"column":51}}},"10":{"name":"(anonymous_10)","line":53,"loc":{"start":{"line":53,"column":5},"end":{"line":53,"column":18}}}},"statementMap":{"1":{"start":{"line":1,"column":0},"end":{"line":1,"column":29}},"2":{"start":{"line":2,"column":0},"end":{"line":2,"column":30}},"3":{"start":{"line":4,"column":0},"end":{"line":64,"column":2}},"4":{"start":{"line":6,"column":1},"end":{"line":41,"column":3}},"5":{"start":{"line":7,"column":2},"end":{"line":9,"column":3}},"6":{"start":{"line":8,"column":3},"end":{"line":8,"column":31}},"7":{"start":{"line":11,"column":2},"end":{"line":11,"column":20}},"8":{"start":{"line":12,"column":2},"end":{"line":40,"column":3}},"9":{"start":{"line":13,"column":3},"end":{"line":13,"column":24}},"10":{"start":{"line":16,"column":3},"end":{"line":16,"column":17}},"11":{"start":{"line":17,"column":3},"end":{"line":39,"column":6}},"12":{"start":{"line":18,"column":4},"end":{"line":20,"column":5}},"13":{"start":{"line":19,"column":5},"end":{"line":19,"column":26}},"14":{"start":{"line":22,"column":4},"end":{"line":26,"column":17}},"15":{"start":{"line":23,"column":5},"end":{"line":23,"column":26}},"16":{"start":{"line":25,"column":5},"end":{"line":25,"column":22}},"17":{"start":{"line":28,"column":4},"end":{"line":38,"column":5}},"18":{"start":{"line":29,"column":5},"end":{"line":34,"column":8}},"19":{"start":{"line":30,"column":6},"end":{"line":32,"column":7}},"20":{"start":{"line":31,"column":7},"end":{"line":31,"column":28}},"21":{"start":{"line":33,"column":6},"end":{"line":33,"column":40}},"22":{"start":{"line":37,"column":5},"end":{"line":37,"column":39}},"23":{"start":{"line":43,"column":1},"end":{"line":62,"column":3}},"24":{"start":{"line":44,"column":2},"end":{"line":44,"column":26}},"25":{"start":{"line":45,"column":2},"end":{"line":45,"column":16}},"26":{"start":{"line":46,"column":2},"end":{"line":61,"column":5}},"27":{"start":{"line":47,"column":3},"end":{"line":52,"column":6}},"28":{"start":{"line":48,"column":4},"end":{"line":50,"column":5}},"29":{"start":{"line":49,"column":5},"end":{"line":49,"column":36}},"30":{"start":{"line":51,"column":4},"end":{"line":51,"column":18}},"31":{"start":{"line":54,"column":3},"end":{"line":56,"column":4}},"32":{"start":{"line":55,"column":4},"end":{"line":55,"column":18}},"33":{"start":{"line":60,"column":3},"end":{"line":60,"column":34}}},"branchMap":{"1":{"line":7,"type":"if","locations":[{"start":{"line":7,"column":2},"end":{"line":7,"column":2}},{"start":{"line":7,"column":2},"end":{"line":7,"column":2}}]},"2":{"line":12,"type":"if","locations":[{"start":{"line":12,"column":2},"end":{"line":12,"column":2}},{"start":{"line":12,"column":2},"end":{"line":12,"column":2}}]},"3":{"line":18,"type":"if","locations":[{"start":{"line":18,"column":4},"end":{"line":18,"column":4}},{"start":{"line":18,"column":4},"end":{"line":18,"column":4}}]},"4":{"line":28,"type":"if","locations":[{"start":{"line":28,"column":4},"end":{"line":28,"column":4}},{"start":{"line":28,"column":4},"end":{"line":28,"column":4}}]},"5":{"line":28,"type":"binary-expr","locations":[{"start":{"line":28,"column":7},"end":{"line":28,"column":28}},{"start":{"line":28,"column":32},"end":{"line":28,"column":77}}]},"6":{"line":30,"type":"if","locations":[{"start":{"line":30,"column":6},"end":{"line":30,"column":6}},{"start":{"line":30,"column":6},"end":{"line":30,"column":6}}]},"7":{"line":48,"type":"if","locations":[{"start":{"line":48,"column":4},"end":{"line":48,"column":4}},{"start":{"line":48,"column":4},"end":{"line":48,"column":4}}]},"8":{"line":54,"type":"if","locations":[{"start":{"line":54,"column":3},"end":{"line":54,"column":3}},{"start":{"line":54,"column":3},"end":{"line":54,"column":3}}]}}},"src/DocumentArray.js":{"path":"src/DocumentArray.js","s":{"1":1,"2":1,"3":1,"4":1,"5":3,"6":0,"7":3},"b":{"1":[0,3]},"f":{"1":1,"2":3},"fnMap":{"1":{"name":"(anonymous_1)","line":4,"loc":{"start":{"line":4,"column":17},"end":{"line":4,"column":35}}},"2":{"name":"(anonymous_2)","line":6,"loc":{"start":{"line":6,"column":50},"end":{"line":6,"column":77}}}},"statementMap":{"1":{"start":{"line":1,"column":0},"end":{"line":1,"column":29}},"2":{"start":{"line":2,"column":0},"end":{"line":2,"column":30}},"3":{"start":{"line":4,"column":0},"end":{"line":13,"column":2}},"4":{"start":{"line":6,"column":1},"end":{"line":11,"column":3}},"5":{"start":{"line":7,"column":2},"end":{"line":9,"column":3}},"6":{"start":{"line":8,"column":3},"end":{"line":8,"column":31}},"7":{"start":{"line":10,"column":2},"end":{"line":10,"column":38}}},"branchMap":{"1":{"line":7,"type":"if","locations":[{"start":{"line":7,"column":2},"end":{"line":7,"column":2}},{"start":{"line":7,"column":2},"end":{"line":7,"column":2}}]}}}}