TN:
SF:src/index.js
FN:3,(anonymous_1)
FNF:1
FNH:1
FNDA:1,(anonymous_1)
DA:1,1
DA:3,1
DA:5,1
DA:6,1
DA:7,1
DA:8,1
DA:9,1
DA:10,1
DA:11,1
DA:12,1
DA:15,1
LF:11
LH:11
BRDA:5,1,0,1
BRDA:5,1,1,0
BRF:2
BRH:1
end_of_record
TN:
SF:src/Router.js
FN:6,(anonymous_1)
FN:12,(anonymous_2)
FN:17,(anonymous_3)
FN:21,(anonymous_4)
FN:31,(anonymous_5)
FN:34,(anonymous_6)
FN:61,(anonymous_7)
FN:71,(anonymous_8)
FN:79,(anonymous_9)
FN:83,(anonymous_10)
FN:87,(anonymous_11)
FNF:11
FNH:11
FNDA:1,(anonymous_1)
FNDA:13,(anonymous_2)
FNDA:13,(anonymous_3)
FNDA:13,(anonymous_4)
FNDA:13,(anonymous_5)
FNDA:60,(anonymous_6)
FNDA:13,(anonymous_7)
FNDA:33,(anonymous_8)
FNDA:13,(anonymous_9)
FNDA:13,(anonymous_10)
FNDA:1,(anonymous_11)
DA:1,1
DA:2,1
DA:3,1
DA:4,1
DA:6,1
DA:7,1
DA:12,1
DA:13,13
DA:14,13
DA:16,13
DA:17,13
DA:18,13
DA:19,0
DA:21,13
DA:22,13
DA:23,0
DA:25,13
DA:26,13
DA:31,1
DA:32,13
DA:33,13
DA:34,13
DA:35,60
DA:36,26
DA:39,34
DA:40,13
DA:42,21
DA:43,13
DA:44,13
DA:45,13
DA:46,13
DA:48,13
DA:49,13
DA:52,21
DA:53,21
DA:56,0
DA:61,1
DA:62,13
DA:63,13
DA:64,12
DA:67,1
DA:71,1
DA:72,33
DA:79,1
DA:80,13
DA:83,1
DA:84,13
DA:85,1
DA:86,1
DA:87,1
DA:88,1
DA:91,13
DA:94,1
LF:53
LH:50
BRDA:7,1,0,1
BRDA:7,1,1,0
BRDA:18,2,0,0
BRDA:18,2,1,13
BRDA:22,3,0,0
BRDA:22,3,1,13
BRDA:35,4,0,26
BRDA:35,4,1,34
BRDA:35,5,0,60
BRDA:35,5,1,47
BRDA:39,6,0,13
BRDA:39,6,1,21
BRDA:42,7,0,13
BRDA:42,7,1,8
BRDA:45,8,0,13
BRDA:45,8,1,0
BRDA:52,9,0,21
BRDA:52,9,1,0
BRDA:63,10,0,12
BRDA:63,10,1,1
BRDA:84,11,0,1
BRDA:84,11,1,12
BRF:22
BRH:17
end_of_record
TN:
SF:src/Document-follow.js
FN:5,(anonymous_1)
FN:6,(anonymous_2)
FN:24,(anonymous_3)
FNF:3
FNH:3
FNDA:1,(anonymous_1)
FNDA:7,(anonymous_2)
FNDA:1,(anonymous_3)
DA:1,1
DA:2,1
DA:3,1
DA:5,1
DA:6,1
DA:7,7
DA:8,7
DA:9,0
DA:12,7
DA:13,7
DA:14,1
DA:17,6
DA:18,6
DA:19,1
DA:22,5
DA:23,1
DA:24,1
DA:25,1
DA:26,0
DA:28,1
DA:32,4
DA:33,4
DA:34,0
DA:37,4
LF:24
LH:21
BRDA:8,1,0,0
BRDA:8,1,1,7
BRDA:13,2,0,1
BRDA:13,2,1,6
BRDA:18,3,0,1
BRDA:18,3,1,5
BRDA:22,4,0,1
BRDA:22,4,1,4
BRDA:22,5,0,5
BRDA:22,5,1,5
BRDA:25,6,0,0
BRDA:25,6,1,1
BRDA:33,7,0,0
BRDA:33,7,1,4
BRF:14
BRH:11
end_of_record
TN:
SF:src/Document-checkout.js
FN:6,(anonymous_1)
FN:7,(anonymous_2)
FN:11,(anonymous_3)
FN:19,(anonymous_4)
FN:31,(anonymous_5)
FN:33,(anonymous_6)
FN:41,(anonymous_7)
FN:45,(anonymous_8)
FNF:8
FNH:7
FNDA:1,(anonymous_1)
FNDA:5,(anonymous_2)
FNDA:2,(anonymous_3)
FNDA:5,(anonymous_4)
FNDA:1,(anonymous_5)
FNDA:1,(anonymous_6)
FNDA:0,(anonymous_7)
FNDA:1,(anonymous_8)
DA:1,1
DA:2,1
DA:3,1
DA:4,1
DA:6,1
DA:7,1
DA:8,5
DA:11,1
DA:12,2
DA:13,0
DA:16,2
DA:17,2
DA:18,2
DA:20,5
DA:21,5
DA:22,0
DA:25,5
DA:26,5
DA:31,1
DA:32,1
DA:33,1
DA:34,1
DA:35,0
DA:37,1
DA:41,1
DA:42,0
DA:45,1
DA:46,1
LF:28
LH:24
BRDA:12,1,0,0
BRDA:12,1,1,2
BRDA:12,2,0,2
BRDA:12,2,1,2
BRDA:12,2,2,2
BRDA:21,3,0,0
BRDA:21,3,1,5
BRDA:34,4,0,0
BRDA:34,4,1,1
BRF:9
BRH:6
end_of_record
TN:
SF:src/Embedded-checkout.js
FN:1,(anonymous_1)
FN:2,(anonymous_2)
FN:4,(anonymous_3)
FN:8,(anonymous_4)
FN:17,(anonymous_5)
FN:20,(anonymous_6)
FN:28,(anonymous_7)
FN:30,(anonymous_8)
FN:34,(anonymous_9)
FNF:9
FNH:9
FNDA:1,(anonymous_1)
FNDA:1,(anonymous_2)
FNDA:1,(anonymous_3)
FNDA:1,(anonymous_4)
FNDA:1,(anonymous_5)
FNDA:1,(anonymous_6)
FNDA:1,(anonymous_7)
FNDA:1,(anonymous_8)
FNDA:1,(anonymous_9)
DA:1,1
DA:2,1
DA:3,1
DA:4,1
DA:5,1
DA:6,0
DA:8,1
DA:9,1
DA:10,0
DA:12,1
DA:17,1
DA:18,1
DA:19,1
DA:20,1
DA:21,1
DA:22,0
DA:24,1
DA:28,1
DA:29,1
DA:30,1
DA:31,1
DA:32,0
DA:34,1
DA:35,1
DA:36,0
DA:38,1
LF:26
LH:21
BRDA:5,1,0,0
BRDA:5,1,1,1
BRDA:9,2,0,0
BRDA:9,2,1,1
BRDA:21,3,0,0
BRDA:21,3,1,1
BRDA:31,4,0,0
BRDA:31,4,1,1
BRDA:35,5,0,0
BRDA:35,5,1,1
BRF:10
BRH:5
end_of_record
TN:
SF:src/DocumentArray-follow.js
FN:1,(anonymous_1)
FN:2,(anonymous_2)
FNF:2
FNH:2
FNDA:1,(anonymous_1)
FNDA:3,(anonymous_2)
DA:1,1
DA:2,1
DA:3,3
DA:4,3
DA:7,0
LF:5
LH:4
BRDA:3,1,0,3
BRDA:3,1,1,0
BRF:2
BRH:1
end_of_record
TN:
SF:src/DocumentArray-checkout.js
FN:6,(anonymous_1)
FN:7,(anonymous_2)
FN:11,(anonymous_3)
FN:15,(anonymous_4)
FN:20,(anonymous_5)
FNF:5
FNH:2
FNDA:1,(anonymous_1)
FNDA:0,(anonymous_2)
FNDA:0,(anonymous_3)
FNDA:1,(anonymous_4)
FNDA:0,(anonymous_5)
DA:1,1
DA:2,1
DA:3,1
DA:4,1
DA:6,1
DA:7,1
DA:8,0
DA:11,1
DA:12,0
DA:15,1
DA:16,1
DA:17,1
DA:20,1
DA:21,0
LF:14
LH:11
BRF:0
BRH:0
end_of_record
TN:
SF:src/Model-follow.js
FN:5,(anonymous_1)
FN:6,(anonymous_2)
FN:15,(anonymous_3)
FN:27,(anonymous_4)
FNF:4
FNH:4
FNDA:1,(anonymous_1)
FNDA:11,(anonymous_2)
FNDA:10,(anonymous_3)
FNDA:1,(anonymous_4)
DA:1,1
DA:2,1
DA:3,1
DA:5,1
DA:6,1
DA:7,11
DA:8,1
DA:11,10
DA:15,1
DA:16,10
DA:17,10
DA:19,0
DA:20,0
DA:23,0
DA:27,1
DA:28,1
DA:29,1
DA:30,0
DA:33,1
DA:34,1
DA:35,1
DA:38,0
DA:39,0
DA:40,0
DA:43,0
LF:25
LH:17
BRDA:7,1,0,1
BRDA:7,1,1,10
BRDA:16,2,0,10
BRDA:16,2,1,0
BRDA:19,3,0,0
BRDA:19,3,1,0
BRDA:29,4,0,0
BRDA:29,4,1,1
BRDA:34,5,0,1
BRDA:34,5,1,0
BRDA:39,6,0,0
BRDA:39,6,1,0
BRF:12
BRH:5
end_of_record
TN:
SF:src/Model-checkout.js
FN:6,(anonymous_1)
FN:7,(anonymous_2)
FN:11,(anonymous_3)
FN:15,(anonymous_4)
FN:19,(anonymous_5)
FN:23,(anonymous_6)
FNF:6
FNH:4
FNDA:1,(anonymous_1)
FNDA:1,(anonymous_2)
FNDA:1,(anonymous_3)
FNDA:0,(anonymous_4)
FNDA:1,(anonymous_5)
FNDA:0,(anonymous_6)
DA:1,1
DA:2,1
DA:3,1
DA:4,1
DA:6,1
DA:7,1
DA:8,1
DA:11,1
DA:12,1
DA:15,1
DA:16,0
DA:19,1
DA:20,1
DA:23,1
DA:24,0
LF:15
LH:13
BRF:0
BRH:0
end_of_record
