TN:
SF:src/index.js
FN:3,(anonymous_1)
FNF:1
FNH:1
FNDA:1,(anonymous_1)
DA:1,1
DA:3,1
DA:5,1
DA:6,1
DA:7,1
DA:8,1
DA:9,1
DA:12,1
LF:8
LH:8
BRDA:5,1,0,1
BRDA:5,1,1,0
BRF:2
BRH:1
end_of_record
TN:
SF:src/Developer.js
FN:6,(anonymous_1)
FN:12,(anonymous_2)
FN:17,(anonymous_3)
FN:22,(anonymous_4)
FNF:4
FNH:4
FNDA:1,(anonymous_1)
FNDA:5,(anonymous_2)
FNDA:5,(anonymous_3)
FNDA:5,(anonymous_4)
DA:1,1
DA:2,1
DA:3,1
DA:4,1
DA:6,1
DA:7,1
DA:12,1
DA:13,5
DA:15,5
DA:17,5
DA:18,5
DA:19,5
DA:20,5
DA:21,5
DA:22,5
DA:23,5
DA:24,0
DA:26,5
DA:27,5
DA:31,0
DA:36,1
LF:21
LH:19
BRDA:7,1,0,1
BRDA:7,1,1,0
BRDA:13,2,0,5
BRDA:13,2,1,0
BRDA:19,3,0,5
BRDA:19,3,1,0
BRDA:20,4,0,5
BRDA:20,4,1,1
BRDA:20,4,2,0
BRDA:23,5,0,0
BRDA:23,5,1,5
BRF:11
BRH:6
end_of_record
TN:
SF:src/Document.js
FN:7,(anonymous_1)
FN:9,(anonymous_2)
FN:13,(anonymous_3)
FN:18,(anonymous_4)
FN:23,(anonymous_5)
FN:28,(anonymous_6)
FN:40,(anonymous_7)
FN:41,(anonymous_8)
FN:48,(anonymous_9)
FN:51,(anonymous_10)
FN:54,(anonymous_11)
FN:67,(anonymous_12)
FN:71,(anonymous_13)
FN:72,(anonymous_14)
FN:74,(anonymous_15)
FN:80,(anonymous_16)
FN:82,(anonymous_17)
FN:86,(anonymous_18)
FN:98,(anonymous_19)
FN:100,(anonymous_20)
FN:104,(anonymous_21)
FNF:21
FNH:20
FNDA:1,(anonymous_1)
FNDA:11,(anonymous_2)
FNDA:11,(anonymous_3)
FNDA:11,(anonymous_4)
FNDA:11,(anonymous_5)
FNDA:11,(anonymous_6)
FNDA:11,(anonymous_7)
FNDA:11,(anonymous_8)
FNDA:15,(anonymous_9)
FNDA:4,(anonymous_10)
FNDA:28,(anonymous_11)
FNDA:0,(anonymous_12)
FNDA:11,(anonymous_13)
FNDA:26,(anonymous_14)
FNDA:3,(anonymous_15)
FNDA:11,(anonymous_16)
FNDA:26,(anonymous_17)
FNDA:6,(anonymous_18)
FNDA:11,(anonymous_19)
FNDA:26,(anonymous_20)
FNDA:5,(anonymous_21)
DA:1,1
DA:2,1
DA:3,1
DA:5,1
DA:7,1
DA:9,1
DA:10,11
DA:11,11
DA:13,11
DA:14,11
DA:15,0
DA:18,11
DA:19,11
DA:20,0
DA:23,11
DA:24,11
DA:25,0
DA:28,11
DA:29,11
DA:30,0
DA:33,11
DA:40,1
DA:41,11
DA:42,11
DA:43,0
DA:48,11
DA:49,15
DA:50,15
DA:51,15
DA:52,4
DA:54,15
DA:55,28
DA:56,22
DA:58,28
DA:60,15
DA:63,11
DA:67,1
DA:68,0
DA:71,1
DA:72,11
DA:73,26
DA:75,3
DA:77,11
DA:80,1
DA:81,11
DA:82,11
DA:83,26
DA:84,26
DA:85,26
DA:86,6
DA:87,6
DA:88,6
DA:92,20
DA:93,20
DA:98,1
DA:99,11
DA:100,11
DA:101,26
DA:102,26
DA:103,26
DA:104,5
DA:105,5
DA:106,0
DA:108,5
DA:109,5
DA:113,21
LF:66
LH:59
BRDA:14,1,0,0
BRDA:14,1,1,11
BRDA:19,2,0,0
BRDA:19,2,1,11
BRDA:24,3,0,0
BRDA:24,3,1,11
BRDA:29,4,0,0
BRDA:29,4,1,11
BRDA:42,5,0,0
BRDA:42,5,1,11
BRDA:49,6,0,15
BRDA:49,6,1,0
BRDA:51,7,0,15
BRDA:51,7,1,11
BRDA:54,8,0,15
BRDA:54,8,1,0
BRDA:55,9,0,22
BRDA:55,9,1,6
BRDA:85,10,0,6
BRDA:85,10,1,20
BRDA:103,11,0,5
BRDA:103,11,1,21
BRDA:103,12,0,26
BRDA:103,12,1,26
BRDA:105,13,0,0
BRDA:105,13,1,5
BRF:26
BRH:18
end_of_record
TN:
SF:src/Embedded.js
FN:3,(anonymous_1)
FN:5,(anonymous_2)
FN:8,(anonymous_3)
FN:10,(anonymous_4)
FN:17,(anonymous_5)
FNF:5
FNH:5
FNDA:1,(anonymous_1)
FNDA:4,(anonymous_2)
FNDA:4,(anonymous_3)
FNDA:4,(anonymous_4)
FNDA:4,(anonymous_5)
DA:1,1
DA:3,1
DA:5,1
DA:6,4
DA:7,4
DA:8,4
DA:9,4
DA:11,4
DA:14,4
DA:17,1
DA:18,4
DA:19,4
LF:12
LH:12
BRF:0
BRH:0
end_of_record
TN:
SF:src/Array.js
FN:4,(anonymous_1)
FN:6,(anonymous_2)
FN:17,(anonymous_3)
FN:22,(anonymous_4)
FN:24,(anonymous_5)
FN:29,(anonymous_6)
FN:43,(anonymous_7)
FN:46,(anonymous_8)
FN:47,(anonymous_9)
FN:53,(anonymous_10)
FNF:10
FNH:5
FNDA:1,(anonymous_1)
FNDA:0,(anonymous_2)
FNDA:0,(anonymous_3)
FNDA:0,(anonymous_4)
FNDA:0,(anonymous_5)
FNDA:0,(anonymous_6)
FNDA:3,(anonymous_7)
FNDA:4,(anonymous_8)
FNDA:4,(anonymous_9)
FNDA:3,(anonymous_10)
DA:1,1
DA:2,1
DA:4,1
DA:6,1
DA:7,0
DA:8,0
DA:11,0
DA:12,0
DA:13,0
DA:16,0
DA:17,0
DA:18,0
DA:19,0
DA:22,0
DA:23,0
DA:25,0
DA:28,0
DA:29,0
DA:30,0
DA:31,0
DA:33,0
DA:37,0
DA:43,1
DA:44,3
DA:45,3
DA:46,3
DA:47,4
DA:48,4
DA:49,4
DA:51,4
DA:54,3
DA:55,0
DA:60,3
LF:33
LH:14
BRDA:7,1,0,0
BRDA:7,1,1,0
BRDA:12,2,0,0
BRDA:12,2,1,0
BRDA:18,3,0,0
BRDA:18,3,1,0
BRDA:28,4,0,0
BRDA:28,4,1,0
BRDA:28,5,0,0
BRDA:28,5,1,0
BRDA:30,6,0,0
BRDA:30,6,1,0
BRDA:48,7,0,4
BRDA:48,7,1,0
BRDA:54,8,0,0
BRDA:54,8,1,3
BRF:16
BRH:2
end_of_record
TN:
SF:src/DocumentArray.js
FN:4,(anonymous_1)
FN:6,(anonymous_2)
FNF:2
FNH:2
FNDA:1,(anonymous_1)
FNDA:3,(anonymous_2)
DA:1,1
DA:2,1
DA:4,1
DA:6,1
DA:7,3
DA:8,0
DA:10,3
LF:7
LH:6
BRDA:7,1,0,0
BRDA:7,1,1,3
BRF:2
BRH:1
end_of_record
